=== 완벽한 가격 복구 임포트 ===
\n완벽 임포트: 사조푸디스트
  기존 데이터 15,343개 삭제...
  파일 크기: 15,343행
    진행: 4,999/15,343 (32.6%)
    진행: 9,999/15,343 (65.2%)
    진행: 14,999/15,343 (97.8%)
    진행: 15,343/15,343 (100.0%)
  완료: 15,343개 임포트
  가격 복구: 15,343개
  복구율: 100.0%
\n완벽 임포트: 동원홈푸드
  기존 데이터 15,848개 삭제...
  파일 크기: 15,848행
    진행: 4,999/15,848 (31.5%)
    진행: 9,999/15,848 (63.1%)
    진행: 14,999/15,848 (94.6%)
    진행: 15,848/15,848 (100.0%)
  완료: 15,848개 임포트
  가격 복구: 14,506개
  복구율: 91.5%
\n완벽 임포트: 영유통
  기존 데이터 90개 삭제...
  파일 크기: 65,533행
    진행: 4,999/65,533 (7.6%)
    진행: 9,999/65,533 (15.3%)
    진행: 14,999/65,533 (22.9%)
    진행: 19,999/65,533 (30.5%)
    진행: 24,999/65,533 (38.1%)
    진행: 29,999/65,533 (45.8%)
    진행: 34,999/65,533 (53.4%)
    진행: 39,999/65,533 (61.0%)
    진행: 44,999/65,533 (68.7%)
    진행: 49,999/65,533 (76.3%)
    진행: 54,999/65,533 (83.9%)
    진행: 59,999/65,533 (91.6%)
    진행: 64,999/65,533 (99.2%)
    진행: 65,533/65,533 (100.0%)
  완료: 90개 임포트
  가격 복구: 88개
  복구율: 97.8%
\n완벽 임포트: 현대그린푸드
  기존 데이터 4,999개 삭제...
  파일 크기: 17,189행
    진행: 4,999/17,189 (29.1%)
    진행: 9,999/17,189 (58.2%)
    진행: 14,999/17,189 (87.3%)
    진행: 17,189/17,189 (100.0%)
  완료: 17,189개 임포트
  가격 복구: 16,382개
  복구율: 95.3%
\n완벽 임포트: CJ제일제당
  기존 데이터 16,713개 삭제...
  파일 크기: 16,713행
    진행: 4,999/16,713 (29.9%)
    진행: 9,999/16,713 (59.8%)
    진행: 14,999/16,713 (89.7%)
    진행: 16,713/16,713 (100.0%)
  완료: 16,713개 임포트
  가격 복구: 16,713개
  복구율: 100.0%
\n=== 최종 완벽 결과 ===
총 임포트: 65,183개
가격 복구: 63,032개
가격 복구율: 96.7%
